<?xml version="1.0" encoding="UTF-8"?>
<testng-results skipped="0" failed="1" ignored="0" total="1" passed="0">
  <reporter-output>
  </reporter-output>
  <suite name="com.uptake.codingtest.testcases.NavigationTest" duration-ms="31814" started-at="2018-02-07T18:58:58Z" finished-at="2018-02-07T18:59:30Z">
    <groups>
    </groups>
    <test name="Command line test" duration-ms="31814" started-at="2018-02-07T18:58:58Z" finished-at="2018-02-07T18:59:30Z">
      <class name="com.uptake.codingtest.testcases.NavigationTest">
        <test-method status="PASS" signature="setUp()[pri:0, instance:com.uptake.codingtest.testcases.NavigationTest@edf4efb]" name="setUp" is-config="true" duration-ms="22565" started-at="2018-02-07T12:58:58Z" finished-at="2018-02-07T12:59:21Z">
          <reporter-output>
          </reporter-output>
        </test-method> <!-- setUp -->
        <test-method status="FAIL" signature="navigateToProductsTest()[pri:0, instance:com.uptake.codingtest.testcases.NavigationTest@edf4efb]" name="navigateToProductsTest" duration-ms="4566" started-at="2018-02-07T12:59:21Z" finished-at="2018-02-07T12:59:25Z">
          <exception class="java.lang.AssertionError">
            <message>
              <![CDATA[expected [Industrial Analytics for Global Industry | Uptake] but found [Predictive Analytics Solutions for Global Industry | Uptake]]]>
            </message>
            <full-stacktrace>
              <![CDATA[java.lang.AssertionError: expected [Industrial Analytics for Global Industry | Uptake] but found [Predictive Analytics Solutions for Global Industry | Uptake]at org.testng.Assert.fail(Assert.java:96)at org.testng.Assert.failNotEquals(Assert.java:776)at org.testng.Assert.assertEqualsImpl(Assert.java:137)at org.testng.Assert.assertEquals(Assert.java:118)at org.testng.Assert.assertEquals(Assert.java:453)at org.testng.Assert.assertEquals(Assert.java:463)at com.uptake.codingtest.testcases.NavigationTest.navigateToProductsTest(NavigationTest.java:37)at sun.reflect.NativeMethodAccessorImpl.invoke0(Native Method)at sun.reflect.NativeMethodAccessorImpl.invoke(NativeMethodAccessorImpl.java:62)at sun.reflect.DelegatingMethodAccessorImpl.invoke(DelegatingMethodAccessorImpl.java:43)at java.lang.reflect.Method.invoke(Method.java:498)at org.testng.internal.MethodInvocationHelper.invokeMethod(MethodInvocationHelper.java:124)at org.testng.internal.Invoker.invokeMethod(Invoker.java:571)at org.testng.internal.Invoker.invokeTestMethod(Invoker.java:707)at org.testng.internal.Invoker.invokeTestMethods(Invoker.java:979)at org.testng.internal.TestMethodWorker.invokeTestMethods(TestMethodWorker.java:125)at org.testng.internal.TestMethodWorker.run(TestMethodWorker.java:109)at org.testng.TestRunner.privateRun(TestRunner.java:648)at org.testng.TestRunner.run(TestRunner.java:505)at org.testng.SuiteRunner.runTest(SuiteRunner.java:455)at org.testng.SuiteRunner.runSequentially(SuiteRunner.java:450)at org.testng.SuiteRunner.privateRun(SuiteRunner.java:415)at org.testng.SuiteRunner.run(SuiteRunner.java:364)at org.testng.SuiteRunnerWorker.runSuite(SuiteRunnerWorker.java:52)at org.testng.SuiteRunnerWorker.run(SuiteRunnerWorker.java:84)at org.testng.TestNG.runSuitesSequentially(TestNG.java:1187)at org.testng.TestNG.runSuitesLocally(TestNG.java:1116)at org.testng.TestNG.runSuites(TestNG.java:1028)at org.testng.TestNG.run(TestNG.java:996)at org.apache.maven.surefire.testng.TestNGExecutor.run(TestNGExecutor.java:77)at org.apache.maven.surefire.testng.TestNGDirectoryTestSuite.execute(TestNGDirectoryTestSuite.java:110)at org.apache.maven.surefire.testng.TestNGProvider.invoke(TestNGProvider.java:106)at sun.reflect.NativeMethodAccessorImpl.invoke0(Native Method)at sun.reflect.NativeMethodAccessorImpl.invoke(NativeMethodAccessorImpl.java:62)at sun.reflect.DelegatingMethodAccessorImpl.invoke(DelegatingMethodAccessorImpl.java:43)at java.lang.reflect.Method.invoke(Method.java:498)at org.apache.maven.surefire.util.ReflectionUtils.invokeMethodWithArray(ReflectionUtils.java:189)at org.apache.maven.surefire.booter.ProviderFactory$ProviderProxy.invoke(ProviderFactory.java:165)at org.apache.maven.surefire.booter.ProviderFactory.invokeProvider(ProviderFactory.java:85)at org.apache.maven.surefire.booter.ForkedBooter.runSuitesInProcess(ForkedBooter.java:115)at org.apache.maven.surefire.booter.ForkedBooter.main(ForkedBooter.java:75)]]>
            </full-stacktrace>
          </exception> <!-- java.lang.AssertionError -->
          <reporter-output>
          </reporter-output>
        </test-method> <!-- navigateToProductsTest -->
        <test-method status="PASS" signature="closeBrowser()[pri:0, instance:com.uptake.codingtest.testcases.NavigationTest@edf4efb]" name="closeBrowser" is-config="true" duration-ms="4609" started-at="2018-02-07T12:59:25Z" finished-at="2018-02-07T12:59:30Z">
          <reporter-output>
          </reporter-output>
        </test-method> <!-- closeBrowser -->
      </class> <!-- com.uptake.codingtest.testcases.NavigationTest -->
    </test> <!-- Command line test -->
  </suite> <!-- com.uptake.codingtest.testcases.NavigationTest -->
</testng-results>
